!SESSION 2009-09-28 12:37:00.467 -----------------------------------------------
eclipse.buildId=unknown
java.version=1.6.0_14
java.vendor=Sun Microsystems Inc.
BootLoader constants: OS=linux, ARCH=x86, WS=gtk, NL=en_IE
Command-line arguments:  -console -configuration equinox

!ENTRY com.dudewheresmyjar.domain 4 0 2009-09-28 12:37:01.417
!MESSAGE 
!STACK 0
org.osgi.framework.BundleException: The bundle could not be resolved. Reason: Missing Constraint: Import-Package: org.compass.annotations; version="0.0.0"
	at org.eclipse.osgi.framework.internal.core.AbstractBundle.getResolverError(AbstractBundle.java:1313)
	at org.eclipse.osgi.framework.internal.core.AbstractBundle.getResolutionFailureException(AbstractBundle.java:1297)
	at org.eclipse.osgi.framework.internal.core.BundleHost.startWorker(BundleHost.java:309)
	at org.eclipse.osgi.framework.internal.core.AbstractBundle.resume(AbstractBundle.java:370)
	at org.eclipse.osgi.framework.internal.core.Framework.resumeBundle(Framework.java:1068)
	at org.eclipse.osgi.framework.internal.core.StartLevelManager.resumeBundles(StartLevelManager.java:557)
	at org.eclipse.osgi.framework.internal.core.StartLevelManager.incFWSL(StartLevelManager.java:464)
	at org.eclipse.osgi.framework.internal.core.StartLevelManager.doSetStartLevel(StartLevelManager.java:248)
	at org.eclipse.osgi.framework.internal.core.StartLevelManager.dispatchEvent(StartLevelManager.java:445)
	at org.eclipse.osgi.framework.eventmgr.EventManager.dispatchEvent(EventManager.java:220)
	at org.eclipse.osgi.framework.eventmgr.EventManager$EventThread.run(EventManager.java:330)

!ENTRY org.eclipse.osgi 4 0 2009-09-28 12:37:01.445
!MESSAGE Bundle initial@reference:file:../bundles/com.dudewheresmyjar.domain_1.0.0.SNAPSHOT.jar/ was not resolved.
